2018-05-25 11:09:39.577  INFO 7328 --- [main] c.t.B.BankingSystemApplication           : Starting BankingSystemApplication on MININT-VU4T12V with PID 7328 (started by trainee in D:\sts project\BankingSystem)
2018-05-25 11:09:39.715  INFO 7328 --- [main] c.t.B.BankingSystemApplication           : No active profile set, falling back to default profiles: default
2018-05-25 11:09:39.828  INFO 7328 --- [main] ConfigServletWebServerApplicationContext : Refreshing org.springframework.boot.web.servlet.context.AnnotationConfigServletWebServerApplicationContext@71b1176b: startup date [Fri May 25 11:09:39 IST 2018]; root of context hierarchy
2018-05-25 11:09:42.036  INFO 7328 --- [main] trationDelegate$BeanPostProcessorChecker : Bean 'org.springframework.transaction.annotation.ProxyTransactionManagementConfiguration' of type [org.springframework.transaction.annotation.ProxyTransactionManagementConfiguration$$EnhancerBySpringCGLIB$$e6d1fd7a] is not eligible for getting processed by all BeanPostProcessors (for example: not eligible for auto-proxying)
2018-05-25 11:09:42.602  INFO 7328 --- [main] o.s.b.w.embedded.tomcat.TomcatWebServer  : Tomcat initialized with port(s): 8082 (http)
2018-05-25 11:09:42.653  INFO 7328 --- [main] o.apache.catalina.core.StandardService   : Starting service [Tomcat]
2018-05-25 11:09:42.653  INFO 7328 --- [main] org.apache.catalina.core.StandardEngine  : Starting Servlet Engine: Apache Tomcat/8.5.31
2018-05-25 11:09:42.667  INFO 7328 --- [localhost-startStop-1] o.a.catalina.core.AprLifecycleListener   : The APR based Apache Tomcat Native library which allows optimal performance in production environments was not found on the java.library.path: [C:\Program Files\Java\jre1.8.0_161\bin;C:\WINDOWS\Sun\Java\bin;C:\WINDOWS\system32;C:\WINDOWS;C:/Program Files/Java/jre1.8.0_161/bin/server;C:/Program Files/Java/jre1.8.0_161/bin;C:/Program Files/Java/jre1.8.0_161/lib/amd64;C:\ProgramData\Oracle\Java\javapath;C:\WINDOWS\system32;C:\WINDOWS;C:\WINDOWS\System32\Wbem;C:\WINDOWS\System32\WindowsPowerShell\v1.0\;C:\Program Files (x86)\QuickTime\QTSystem\;C:\Program Files\CapgeminiScripts\Support Tools\;C:\WINDOWS\System32\WindowsPowerShell\v1.0\;C:\nodejs;C:\Program Files\Git\cmd;D:\sts-bundle\sts-3.9.3.RELEASE;;.]
2018-05-25 11:09:42.851  INFO 7328 --- [localhost-startStop-1] o.a.c.c.C.[Tomcat].[localhost].[/]       : Initializing Spring embedded WebApplicationContext
2018-05-25 11:09:42.851  INFO 7328 --- [localhost-startStop-1] o.s.web.context.ContextLoader            : Root WebApplicationContext: initialization completed in 3023 ms
2018-05-25 11:09:43.068  INFO 7328 --- [localhost-startStop-1] o.s.b.w.servlet.ServletRegistrationBean  : Servlet dispatcherServlet mapped to [/]
2018-05-25 11:09:43.074  INFO 7328 --- [localhost-startStop-1] o.s.b.w.servlet.FilterRegistrationBean   : Mapping filter: 'characterEncodingFilter' to: [/*]
2018-05-25 11:09:43.075  INFO 7328 --- [localhost-startStop-1] o.s.b.w.servlet.FilterRegistrationBean   : Mapping filter: 'hiddenHttpMethodFilter' to: [/*]
2018-05-25 11:09:43.075  INFO 7328 --- [localhost-startStop-1] o.s.b.w.servlet.FilterRegistrationBean   : Mapping filter: 'httpPutFormContentFilter' to: [/*]
2018-05-25 11:09:43.075  INFO 7328 --- [localhost-startStop-1] o.s.b.w.servlet.FilterRegistrationBean   : Mapping filter: 'requestContextFilter' to: [/*]
2018-05-25 11:09:43.303  INFO 7328 --- [main] com.zaxxer.hikari.HikariDataSource       : HikariPool-1 - Starting...
2018-05-25 11:09:44.143  INFO 7328 --- [main] com.zaxxer.hikari.HikariDataSource       : HikariPool-1 - Start completed.
2018-05-25 11:09:44.209  INFO 7328 --- [main] j.LocalContainerEntityManagerFactoryBean : Building JPA container EntityManagerFactory for persistence unit 'default'
2018-05-25 11:09:44.231  INFO 7328 --- [main] o.hibernate.jpa.internal.util.LogHelper  : HHH000204: Processing PersistenceUnitInfo [
	name: default
	...]
2018-05-25 11:09:44.388  INFO 7328 --- [main] org.hibernate.Version                    : HHH000412: Hibernate Core {5.2.17.Final}
2018-05-25 11:09:44.392  INFO 7328 --- [main] org.hibernate.cfg.Environment            : HHH000206: hibernate.properties not found
2018-05-25 11:09:44.485  INFO 7328 --- [main] o.hibernate.annotations.common.Version   : HCANN000001: Hibernate Commons Annotations {5.0.1.Final}
2018-05-25 11:09:44.666  INFO 7328 --- [main] org.hibernate.dialect.Dialect            : HHH000400: Using dialect: org.hibernate.dialect.MySQL5Dialect
2018-05-25 11:09:48.251  INFO 7328 --- [main] j.LocalContainerEntityManagerFactoryBean : Initialized JPA EntityManagerFactory for persistence unit 'default'
2018-05-25 11:09:48.321  WARN 7328 --- [main] ConfigServletWebServerApplicationContext : Exception encountered during context initialization - cancelling refresh attempt: org.springframework.beans.factory.UnsatisfiedDependencyException: Error creating bean with name 'accountController': Unsatisfied dependency expressed through field 'acountservice'; nested exception is org.springframework.beans.factory.BeanCreationException: Error creating bean with name 'accountServiceImpl': Lookup method resolution failed; nested exception is java.lang.IllegalStateException: Failed to introspect Class [com.training.BankingSystem.services.AccountServiceImpl] from ClassLoader [sun.misc.Launcher$AppClassLoader@6d06d69c]
2018-05-25 11:09:48.322  INFO 7328 --- [main] j.LocalContainerEntityManagerFactoryBean : Closing JPA EntityManagerFactory for persistence unit 'default'
2018-05-25 11:09:48.324  INFO 7328 --- [main] com.zaxxer.hikari.HikariDataSource       : HikariPool-1 - Shutdown initiated...
2018-05-25 11:09:48.359  INFO 7328 --- [main] com.zaxxer.hikari.HikariDataSource       : HikariPool-1 - Shutdown completed.
2018-05-25 11:09:48.371  INFO 7328 --- [main] o.apache.catalina.core.StandardService   : Stopping service [Tomcat]
2018-05-25 11:09:48.424  INFO 7328 --- [main] ConditionEvaluationReportLoggingListener : 

Error starting ApplicationContext. To display the conditions report re-run your application with 'debug' enabled.
2018-05-25 11:09:48.435 ERROR 7328 --- [main] o.s.boot.SpringApplication               : Application run failed

org.springframework.beans.factory.UnsatisfiedDependencyException: Error creating bean with name 'accountController': Unsatisfied dependency expressed through field 'acountservice'; nested exception is org.springframework.beans.factory.BeanCreationException: Error creating bean with name 'accountServiceImpl': Lookup method resolution failed; nested exception is java.lang.IllegalStateException: Failed to introspect Class [com.training.BankingSystem.services.AccountServiceImpl] from ClassLoader [sun.misc.Launcher$AppClassLoader@6d06d69c]
	at org.springframework.beans.factory.annotation.AutowiredAnnotationBeanPostProcessor$AutowiredFieldElement.inject(AutowiredAnnotationBeanPostProcessor.java:587) ~[spring-beans-5.0.6.RELEASE.jar:5.0.6.RELEASE]
	at org.springframework.beans.factory.annotation.InjectionMetadata.inject(InjectionMetadata.java:91) ~[spring-beans-5.0.6.RELEASE.jar:5.0.6.RELEASE]
	at org.springframework.beans.factory.annotation.AutowiredAnnotationBeanPostProcessor.postProcessPropertyValues(AutowiredAnnotationBeanPostProcessor.java:373) ~[spring-beans-5.0.6.RELEASE.jar:5.0.6.RELEASE]
	at org.springframework.beans.factory.support.AbstractAutowireCapableBeanFactory.populateBean(AbstractAutowireCapableBeanFactory.java:1348) ~[spring-beans-5.0.6.RELEASE.jar:5.0.6.RELEASE]
	at org.springframework.beans.factory.support.AbstractAutowireCapableBeanFactory.doCreateBean(AbstractAutowireCapableBeanFactory.java:578) ~[spring-beans-5.0.6.RELEASE.jar:5.0.6.RELEASE]
	at org.springframework.beans.factory.support.AbstractAutowireCapableBeanFactory.createBean(AbstractAutowireCapableBeanFactory.java:501) ~[spring-beans-5.0.6.RELEASE.jar:5.0.6.RELEASE]
	at org.springframework.beans.factory.support.AbstractBeanFactory.lambda$doGetBean$0(AbstractBeanFactory.java:317) ~[spring-beans-5.0.6.RELEASE.jar:5.0.6.RELEASE]
	at org.springframework.beans.factory.support.DefaultSingletonBeanRegistry.getSingleton(DefaultSingletonBeanRegistry.java:228) ~[spring-beans-5.0.6.RELEASE.jar:5.0.6.RELEASE]
	at org.springframework.beans.factory.support.AbstractBeanFactory.doGetBean(AbstractBeanFactory.java:315) ~[spring-beans-5.0.6.RELEASE.jar:5.0.6.RELEASE]
	at org.springframework.beans.factory.support.AbstractBeanFactory.getBean(AbstractBeanFactory.java:199) ~[spring-beans-5.0.6.RELEASE.jar:5.0.6.RELEASE]
	at org.springframework.beans.factory.support.DefaultListableBeanFactory.preInstantiateSingletons(DefaultListableBeanFactory.java:760) ~[spring-beans-5.0.6.RELEASE.jar:5.0.6.RELEASE]
	at org.springframework.context.support.AbstractApplicationContext.finishBeanFactoryInitialization(AbstractApplicationContext.java:869) ~[spring-context-5.0.6.RELEASE.jar:5.0.6.RELEASE]
	at org.springframework.context.support.AbstractApplicationContext.refresh(AbstractApplicationContext.java:550) ~[spring-context-5.0.6.RELEASE.jar:5.0.6.RELEASE]
	at org.springframework.boot.web.servlet.context.ServletWebServerApplicationContext.refresh(ServletWebServerApplicationContext.java:140) ~[spring-boot-2.0.2.RELEASE.jar:2.0.2.RELEASE]
	at org.springframework.boot.SpringApplication.refresh(SpringApplication.java:759) [spring-boot-2.0.2.RELEASE.jar:2.0.2.RELEASE]
	at org.springframework.boot.SpringApplication.refreshContext(SpringApplication.java:395) [spring-boot-2.0.2.RELEASE.jar:2.0.2.RELEASE]
	at org.springframework.boot.SpringApplication.run(SpringApplication.java:327) [spring-boot-2.0.2.RELEASE.jar:2.0.2.RELEASE]
	at org.springframework.boot.SpringApplication.run(SpringApplication.java:1255) [spring-boot-2.0.2.RELEASE.jar:2.0.2.RELEASE]
	at org.springframework.boot.SpringApplication.run(SpringApplication.java:1243) [spring-boot-2.0.2.RELEASE.jar:2.0.2.RELEASE]
	at com.training.BankingSystem.BankingSystemApplication.main(BankingSystemApplication.java:16) [classes/:na]
Caused by: org.springframework.beans.factory.BeanCreationException: Error creating bean with name 'accountServiceImpl': Lookup method resolution failed; nested exception is java.lang.IllegalStateException: Failed to introspect Class [com.training.BankingSystem.services.AccountServiceImpl] from ClassLoader [sun.misc.Launcher$AppClassLoader@6d06d69c]
	at org.springframework.beans.factory.annotation.AutowiredAnnotationBeanPostProcessor.determineCandidateConstructors(AutowiredAnnotationBeanPostProcessor.java:262) ~[spring-beans-5.0.6.RELEASE.jar:5.0.6.RELEASE]
	at org.springframework.beans.factory.support.AbstractAutowireCapableBeanFactory.determineConstructorsFromBeanPostProcessors(AbstractAutowireCapableBeanFactory.java:1202) ~[spring-beans-5.0.6.RELEASE.jar:5.0.6.RELEASE]
	at org.springframework.beans.factory.support.AbstractAutowireCapableBeanFactory.createBeanInstance(AbstractAutowireCapableBeanFactory.java:1127) ~[spring-beans-5.0.6.RELEASE.jar:5.0.6.RELEASE]
	at org.springframework.beans.factory.support.AbstractAutowireCapableBeanFactory.doCreateBean(AbstractAutowireCapableBeanFactory.java:541) ~[spring-beans-5.0.6.RELEASE.jar:5.0.6.RELEASE]
	at org.springframework.beans.factory.support.AbstractAutowireCapableBeanFactory.createBean(AbstractAutowireCapableBeanFactory.java:501) ~[spring-beans-5.0.6.RELEASE.jar:5.0.6.RELEASE]
	at org.springframework.beans.factory.support.AbstractBeanFactory.lambda$doGetBean$0(AbstractBeanFactory.java:317) ~[spring-beans-5.0.6.RELEASE.jar:5.0.6.RELEASE]
	at org.springframework.beans.factory.support.DefaultSingletonBeanRegistry.getSingleton(DefaultSingletonBeanRegistry.java:228) ~[spring-beans-5.0.6.RELEASE.jar:5.0.6.RELEASE]
	at org.springframework.beans.factory.support.AbstractBeanFactory.doGetBean(AbstractBeanFactory.java:315) ~[spring-beans-5.0.6.RELEASE.jar:5.0.6.RELEASE]
	at org.springframework.beans.factory.support.AbstractBeanFactory.getBean(AbstractBeanFactory.java:199) ~[spring-beans-5.0.6.RELEASE.jar:5.0.6.RELEASE]
	at org.springframework.beans.factory.config.DependencyDescriptor.resolveCandidate(DependencyDescriptor.java:251) ~[spring-beans-5.0.6.RELEASE.jar:5.0.6.RELEASE]
	at org.springframework.beans.factory.support.DefaultListableBeanFactory.doResolveDependency(DefaultListableBeanFactory.java:1138) ~[spring-beans-5.0.6.RELEASE.jar:5.0.6.RELEASE]
	at org.springframework.beans.factory.support.DefaultListableBeanFactory.resolveDependency(DefaultListableBeanFactory.java:1065) ~[spring-beans-5.0.6.RELEASE.jar:5.0.6.RELEASE]
	at org.springframework.beans.factory.annotation.AutowiredAnnotationBeanPostProcessor$AutowiredFieldElement.inject(AutowiredAnnotationBeanPostProcessor.java:584) ~[spring-beans-5.0.6.RELEASE.jar:5.0.6.RELEASE]
	... 19 common frames omitted
Caused by: java.lang.IllegalStateException: Failed to introspect Class [com.training.BankingSystem.services.AccountServiceImpl] from ClassLoader [sun.misc.Launcher$AppClassLoader@6d06d69c]
	at org.springframework.util.ReflectionUtils.getDeclaredMethods(ReflectionUtils.java:659) ~[spring-core-5.0.6.RELEASE.jar:5.0.6.RELEASE]
	at org.springframework.util.ReflectionUtils.doWithMethods(ReflectionUtils.java:556) ~[spring-core-5.0.6.RELEASE.jar:5.0.6.RELEASE]
	at org.springframework.util.ReflectionUtils.doWithMethods(ReflectionUtils.java:541) ~[spring-core-5.0.6.RELEASE.jar:5.0.6.RELEASE]
	at org.springframework.beans.factory.annotation.AutowiredAnnotationBeanPostProcessor.determineCandidateConstructors(AutowiredAnnotationBeanPostProcessor.java:245) ~[spring-beans-5.0.6.RELEASE.jar:5.0.6.RELEASE]
	... 31 common frames omitted
Caused by: java.lang.NoClassDefFoundError: Account
	at java.lang.Class.getDeclaredMethods0(Native Method) ~[na:1.8.0_161]
	at java.lang.Class.privateGetDeclaredMethods(Unknown Source) ~[na:1.8.0_161]
	at java.lang.Class.getDeclaredMethods(Unknown Source) ~[na:1.8.0_161]
	at org.springframework.util.ReflectionUtils.getDeclaredMethods(ReflectionUtils.java:641) ~[spring-core-5.0.6.RELEASE.jar:5.0.6.RELEASE]
	... 34 common frames omitted
Caused by: java.lang.ClassNotFoundException: Account
	at java.net.URLClassLoader.findClass(Unknown Source) ~[na:1.8.0_161]
	at java.lang.ClassLoader.loadClass(Unknown Source) ~[na:1.8.0_161]
	at sun.misc.Launcher$AppClassLoader.loadClass(Unknown Source) ~[na:1.8.0_161]
	at java.lang.ClassLoader.loadClass(Unknown Source) ~[na:1.8.0_161]
	... 38 common frames omitted

2018-05-25 12:06:27.391  INFO 8148 --- [main] c.t.B.BankingSystemApplication           : Starting BankingSystemApplication on MININT-VU4T12V with PID 8148 (started by trainee in D:\sts project\BankingSystem)
2018-05-25 12:06:27.396  INFO 8148 --- [main] c.t.B.BankingSystemApplication           : No active profile set, falling back to default profiles: default
2018-05-25 12:06:27.507  INFO 8148 --- [main] ConfigServletWebServerApplicationContext : Refreshing org.springframework.boot.web.servlet.context.AnnotationConfigServletWebServerApplicationContext@96def03: startup date [Fri May 25 12:06:27 IST 2018]; root of context hierarchy
2018-05-25 12:06:29.714  INFO 8148 --- [main] trationDelegate$BeanPostProcessorChecker : Bean 'org.springframework.transaction.annotation.ProxyTransactionManagementConfiguration' of type [org.springframework.transaction.annotation.ProxyTransactionManagementConfiguration$$EnhancerBySpringCGLIB$$f3ad33ae] is not eligible for getting processed by all BeanPostProcessors (for example: not eligible for auto-proxying)
2018-05-25 12:06:30.311  INFO 8148 --- [main] o.s.b.w.embedded.tomcat.TomcatWebServer  : Tomcat initialized with port(s): 8082 (http)
2018-05-25 12:06:30.364  INFO 8148 --- [main] o.apache.catalina.core.StandardService   : Starting service [Tomcat]
2018-05-25 12:06:30.365  INFO 8148 --- [main] org.apache.catalina.core.StandardEngine  : Starting Servlet Engine: Apache Tomcat/8.5.31
2018-05-25 12:06:30.383  INFO 8148 --- [localhost-startStop-1] o.a.catalina.core.AprLifecycleListener   : The APR based Apache Tomcat Native library which allows optimal performance in production environments was not found on the java.library.path: [C:\Program Files\Java\jre1.8.0_161\bin;C:\WINDOWS\Sun\Java\bin;C:\WINDOWS\system32;C:\WINDOWS;C:/Program Files/Java/jre1.8.0_161/bin/server;C:/Program Files/Java/jre1.8.0_161/bin;C:/Program Files/Java/jre1.8.0_161/lib/amd64;C:\ProgramData\Oracle\Java\javapath;C:\WINDOWS\system32;C:\WINDOWS;C:\WINDOWS\System32\Wbem;C:\WINDOWS\System32\WindowsPowerShell\v1.0\;C:\Program Files (x86)\QuickTime\QTSystem\;C:\Program Files\CapgeminiScripts\Support Tools\;C:\WINDOWS\System32\WindowsPowerShell\v1.0\;C:\nodejs;C:\Program Files\Git\cmd;D:\sts-bundle\sts-3.9.3.RELEASE;;.]
2018-05-25 12:06:30.578  INFO 8148 --- [localhost-startStop-1] o.a.c.c.C.[Tomcat].[localhost].[/]       : Initializing Spring embedded WebApplicationContext
2018-05-25 12:06:30.579  INFO 8148 --- [localhost-startStop-1] o.s.web.context.ContextLoader            : Root WebApplicationContext: initialization completed in 3072 ms
2018-05-25 12:06:30.854  INFO 8148 --- [localhost-startStop-1] o.s.b.w.servlet.ServletRegistrationBean  : Servlet dispatcherServlet mapped to [/]
2018-05-25 12:06:30.861  INFO 8148 --- [localhost-startStop-1] o.s.b.w.servlet.FilterRegistrationBean   : Mapping filter: 'characterEncodingFilter' to: [/*]
2018-05-25 12:06:30.862  INFO 8148 --- [localhost-startStop-1] o.s.b.w.servlet.FilterRegistrationBean   : Mapping filter: 'hiddenHttpMethodFilter' to: [/*]
2018-05-25 12:06:30.862  INFO 8148 --- [localhost-startStop-1] o.s.b.w.servlet.FilterRegistrationBean   : Mapping filter: 'httpPutFormContentFilter' to: [/*]
2018-05-25 12:06:30.863  INFO 8148 --- [localhost-startStop-1] o.s.b.w.servlet.FilterRegistrationBean   : Mapping filter: 'requestContextFilter' to: [/*]
2018-05-25 12:06:31.103  INFO 8148 --- [main] com.zaxxer.hikari.HikariDataSource       : HikariPool-1 - Starting...
2018-05-25 12:06:31.909  INFO 8148 --- [main] com.zaxxer.hikari.HikariDataSource       : HikariPool-1 - Start completed.
2018-05-25 12:06:31.982  INFO 8148 --- [main] j.LocalContainerEntityManagerFactoryBean : Building JPA container EntityManagerFactory for persistence unit 'default'
2018-05-25 12:06:32.014  INFO 8148 --- [main] o.hibernate.jpa.internal.util.LogHelper  : HHH000204: Processing PersistenceUnitInfo [
	name: default
	...]
2018-05-25 12:06:32.192  INFO 8148 --- [main] org.hibernate.Version                    : HHH000412: Hibernate Core {5.2.17.Final}
2018-05-25 12:06:32.195  INFO 8148 --- [main] org.hibernate.cfg.Environment            : HHH000206: hibernate.properties not found
2018-05-25 12:06:32.281  INFO 8148 --- [main] o.hibernate.annotations.common.Version   : HCANN000001: Hibernate Commons Annotations {5.0.1.Final}
2018-05-25 12:06:32.513  INFO 8148 --- [main] org.hibernate.dialect.Dialect            : HHH000400: Using dialect: org.hibernate.dialect.MySQL5Dialect
2018-05-25 12:06:35.578  INFO 8148 --- [main] j.LocalContainerEntityManagerFactoryBean : Initialized JPA EntityManagerFactory for persistence unit 'default'
2018-05-25 12:06:36.284  WARN 8148 --- [main] ConfigServletWebServerApplicationContext : Exception encountered during context initialization - cancelling refresh attempt: org.springframework.beans.factory.UnsatisfiedDependencyException: Error creating bean with name 'accountController': Unsatisfied dependency expressed through field 'acountservice'; nested exception is org.springframework.beans.factory.UnsatisfiedDependencyException: Error creating bean with name 'accountServiceImpl': Unsatisfied dependency expressed through field 'bankDenmService'; nested exception is org.springframework.beans.factory.NoSuchBeanDefinitionException: No qualifying bean of type 'com.training.BankingSystem.services.BankDenmServiceImpl' available: expected at least 1 bean which qualifies as autowire candidate. Dependency annotations: {@org.springframework.beans.factory.annotation.Autowired(required=true)}
2018-05-25 12:06:36.286  INFO 8148 --- [main] j.LocalContainerEntityManagerFactoryBean : Closing JPA EntityManagerFactory for persistence unit 'default'
2018-05-25 12:06:36.287  INFO 8148 --- [main] com.zaxxer.hikari.HikariDataSource       : HikariPool-1 - Shutdown initiated...
2018-05-25 12:06:36.309  INFO 8148 --- [main] com.zaxxer.hikari.HikariDataSource       : HikariPool-1 - Shutdown completed.
2018-05-25 12:06:36.313  INFO 8148 --- [main] o.apache.catalina.core.StandardService   : Stopping service [Tomcat]
2018-05-25 12:06:36.333  INFO 8148 --- [main] ConditionEvaluationReportLoggingListener : 

Error starting ApplicationContext. To display the conditions report re-run your application with 'debug' enabled.
2018-05-25 12:06:36.474 ERROR 8148 --- [main] o.s.b.d.LoggingFailureAnalysisReporter   : 

***************************
APPLICATION FAILED TO START
***************************

Description:

Field bankDenmService in com.training.BankingSystem.services.AccountServiceImpl required a bean of type 'com.training.BankingSystem.services.BankDenmServiceImpl' that could not be found.


Action:

Consider defining a bean of type 'com.training.BankingSystem.services.BankDenmServiceImpl' in your configuration.

2018-05-25 12:07:28.973  INFO 6132 --- [main] c.t.B.BankingSystemApplication           : Starting BankingSystemApplication on MININT-VU4T12V with PID 6132 (started by trainee in D:\sts project\BankingSystem)
2018-05-25 12:07:28.977  INFO 6132 --- [main] c.t.B.BankingSystemApplication           : No active profile set, falling back to default profiles: default
2018-05-25 12:07:29.078  INFO 6132 --- [main] ConfigServletWebServerApplicationContext : Refreshing org.springframework.boot.web.servlet.context.AnnotationConfigServletWebServerApplicationContext@5e316c74: startup date [Fri May 25 12:07:29 IST 2018]; root of context hierarchy
2018-05-25 12:07:31.269  INFO 6132 --- [main] trationDelegate$BeanPostProcessorChecker : Bean 'org.springframework.transaction.annotation.ProxyTransactionManagementConfiguration' of type [org.springframework.transaction.annotation.ProxyTransactionManagementConfiguration$$EnhancerBySpringCGLIB$$291bf4b3] is not eligible for getting processed by all BeanPostProcessors (for example: not eligible for auto-proxying)
2018-05-25 12:07:31.910  INFO 6132 --- [main] o.s.b.w.embedded.tomcat.TomcatWebServer  : Tomcat initialized with port(s): 8082 (http)
2018-05-25 12:07:31.955  INFO 6132 --- [main] o.apache.catalina.core.StandardService   : Starting service [Tomcat]
2018-05-25 12:07:31.956  INFO 6132 --- [main] org.apache.catalina.core.StandardEngine  : Starting Servlet Engine: Apache Tomcat/8.5.31
2018-05-25 12:07:31.969  INFO 6132 --- [localhost-startStop-1] o.a.catalina.core.AprLifecycleListener   : The APR based Apache Tomcat Native library which allows optimal performance in production environments was not found on the java.library.path: [C:\Program Files\Java\jre1.8.0_161\bin;C:\WINDOWS\Sun\Java\bin;C:\WINDOWS\system32;C:\WINDOWS;C:/Program Files/Java/jre1.8.0_161/bin/server;C:/Program Files/Java/jre1.8.0_161/bin;C:/Program Files/Java/jre1.8.0_161/lib/amd64;C:\ProgramData\Oracle\Java\javapath;C:\WINDOWS\system32;C:\WINDOWS;C:\WINDOWS\System32\Wbem;C:\WINDOWS\System32\WindowsPowerShell\v1.0\;C:\Program Files (x86)\QuickTime\QTSystem\;C:\Program Files\CapgeminiScripts\Support Tools\;C:\WINDOWS\System32\WindowsPowerShell\v1.0\;C:\nodejs;C:\Program Files\Git\cmd;D:\sts-bundle\sts-3.9.3.RELEASE;;.]
2018-05-25 12:07:32.159  INFO 6132 --- [localhost-startStop-1] o.a.c.c.C.[Tomcat].[localhost].[/]       : Initializing Spring embedded WebApplicationContext
2018-05-25 12:07:32.159  INFO 6132 --- [localhost-startStop-1] o.s.web.context.ContextLoader            : Root WebApplicationContext: initialization completed in 3081 ms
2018-05-25 12:07:32.386  INFO 6132 --- [localhost-startStop-1] o.s.b.w.servlet.ServletRegistrationBean  : Servlet dispatcherServlet mapped to [/]
2018-05-25 12:07:32.392  INFO 6132 --- [localhost-startStop-1] o.s.b.w.servlet.FilterRegistrationBean   : Mapping filter: 'characterEncodingFilter' to: [/*]
2018-05-25 12:07:32.393  INFO 6132 --- [localhost-startStop-1] o.s.b.w.servlet.FilterRegistrationBean   : Mapping filter: 'hiddenHttpMethodFilter' to: [/*]
2018-05-25 12:07:32.393  INFO 6132 --- [localhost-startStop-1] o.s.b.w.servlet.FilterRegistrationBean   : Mapping filter: 'httpPutFormContentFilter' to: [/*]
2018-05-25 12:07:32.394  INFO 6132 --- [localhost-startStop-1] o.s.b.w.servlet.FilterRegistrationBean   : Mapping filter: 'requestContextFilter' to: [/*]
2018-05-25 12:07:32.641  INFO 6132 --- [main] com.zaxxer.hikari.HikariDataSource       : HikariPool-1 - Starting...
2018-05-25 12:07:33.498  INFO 6132 --- [main] com.zaxxer.hikari.HikariDataSource       : HikariPool-1 - Start completed.
2018-05-25 12:07:33.552  INFO 6132 --- [main] j.LocalContainerEntityManagerFactoryBean : Building JPA container EntityManagerFactory for persistence unit 'default'
2018-05-25 12:07:33.571  INFO 6132 --- [main] o.hibernate.jpa.internal.util.LogHelper  : HHH000204: Processing PersistenceUnitInfo [
	name: default
	...]
2018-05-25 12:07:33.699  INFO 6132 --- [main] org.hibernate.Version                    : HHH000412: Hibernate Core {5.2.17.Final}
2018-05-25 12:07:33.702  INFO 6132 --- [main] org.hibernate.cfg.Environment            : HHH000206: hibernate.properties not found
2018-05-25 12:07:33.803  INFO 6132 --- [main] o.hibernate.annotations.common.Version   : HCANN000001: Hibernate Commons Annotations {5.0.1.Final}
2018-05-25 12:07:34.027  INFO 6132 --- [main] org.hibernate.dialect.Dialect            : HHH000400: Using dialect: org.hibernate.dialect.MySQL5Dialect
2018-05-25 12:07:37.645  INFO 6132 --- [main] j.LocalContainerEntityManagerFactoryBean : Initialized JPA EntityManagerFactory for persistence unit 'default'
2018-05-25 12:07:38.529  INFO 6132 --- [main] o.s.w.s.handler.SimpleUrlHandlerMapping  : Mapped URL path [/**/favicon.ico] onto handler of type [class org.springframework.web.servlet.resource.ResourceHttpRequestHandler]
2018-05-25 12:07:39.038  INFO 6132 --- [main] s.w.s.m.m.a.RequestMappingHandlerAdapter : Looking for @ControllerAdvice: org.springframework.boot.web.servlet.context.AnnotationConfigServletWebServerApplicationContext@5e316c74: startup date [Fri May 25 12:07:29 IST 2018]; root of context hierarchy
2018-05-25 12:07:39.117  WARN 6132 --- [main] aWebConfiguration$JpaWebMvcConfiguration : spring.jpa.open-in-view is enabled by default. Therefore, database queries may be performed during view rendering. Explicitly configure spring.jpa.open-in-view to disable this warning
2018-05-25 12:07:39.198  INFO 6132 --- [main] s.w.s.m.m.a.RequestMappingHandlerMapping : Mapped "{[/viewaccount/{accountId}],methods=[GET]}" onto public org.springframework.http.ResponseEntity<?> com.training.BankingSystem.controller.AccountController.viewAccount(java.lang.Integer)
2018-05-25 12:07:39.200  INFO 6132 --- [main] s.w.s.m.m.a.RequestMappingHandlerMapping : Mapped "{[/addaccount],methods=[POST]}" onto public org.springframework.http.ResponseEntity<?> com.training.BankingSystem.controller.AccountController.addAccount(com.training.BankingSystem.model.Account)
2018-05-25 12:07:39.201  INFO 6132 --- [main] s.w.s.m.m.a.RequestMappingHandlerMapping : Mapped "{[/withdrawammount/{withdraw}/{accountId}/{select}/{atmID}/{customerId}],methods=[GET]}" onto public org.springframework.http.ResponseEntity<?> com.training.BankingSystem.controller.AccountController.withdrawFromBank(java.math.BigDecimal,java.lang.Integer,java.lang.String,java.lang.Integer,java.lang.Integer)
2018-05-25 12:07:39.201  INFO 6132 --- [main] s.w.s.m.m.a.RequestMappingHandlerMapping : Mapped "{[/depositammount/{deposit}/{accountId}],methods=[GET]}" onto public org.springframework.http.ResponseEntity<?> com.training.BankingSystem.controller.AccountController.depositFromBank(java.math.BigDecimal,java.lang.Integer)
2018-05-25 12:07:39.210  INFO 6132 --- [main] s.w.s.m.m.a.RequestMappingHandlerMapping : Mapped "{[/atm/{Deposit}/{atmId}],methods=[GET]}" onto public org.springframework.http.ResponseEntity<?> com.training.BankingSystem.controller.AtmController.depositFromBank(java.math.BigDecimal,java.lang.Integer)
2018-05-25 12:07:39.211  INFO 6132 --- [main] s.w.s.m.m.a.RequestMappingHandlerMapping : Mapped "{[/atm],methods=[POST]}" onto public org.springframework.http.ResponseEntity<?> com.training.BankingSystem.controller.AtmController.addAtm(com.training.BankingSystem.model.ATM)
2018-05-25 12:07:39.214  INFO 6132 --- [main] s.w.s.m.m.a.RequestMappingHandlerMapping : Mapped "{[/bank],methods=[POST]}" onto public org.springframework.http.ResponseEntity<?> com.training.BankingSystem.controller.BankController.addbank(com.training.BankingSystem.model.Bank)
2018-05-25 12:07:39.215  INFO 6132 --- [main] s.w.s.m.m.a.RequestMappingHandlerMapping : Mapped "{[/bank/{bankId}],methods=[GET]}" onto public org.springframework.http.ResponseEntity<?> com.training.BankingSystem.controller.BankController.viewbank(java.lang.Integer)
2018-05-25 12:07:39.220  INFO 6132 --- [main] s.w.s.m.m.a.RequestMappingHandlerMapping : Mapped "{[/customer],methods=[POST]}" onto public org.springframework.http.ResponseEntity<?> com.training.BankingSystem.controller.CustomerController.addCustomer(com.training.BankingSystem.model.Customer)
2018-05-25 12:07:39.220  INFO 6132 --- [main] s.w.s.m.m.a.RequestMappingHandlerMapping : Mapped "{[/customer/{customerId}],methods=[GET]}" onto public org.springframework.http.ResponseEntity<?> com.training.BankingSystem.controller.CustomerController.viewCustomer(java.lang.Integer)
2018-05-25 12:07:39.221  INFO 6132 --- [main] s.w.s.m.m.a.RequestMappingHandlerMapping : Mapped "{[/customer/{customerId}/{customerName}],methods=[PUT]}" onto public org.springframework.http.ResponseEntity<?> com.training.BankingSystem.controller.CustomerController.updateCustomer(java.lang.Integer,java.lang.String)
2018-05-25 12:07:39.223  INFO 6132 --- [main] s.w.s.m.m.a.RequestMappingHandlerMapping : Mapped "{[/denomination],methods=[POST]}" onto public org.springframework.http.ResponseEntity<?> com.training.BankingSystem.controller.DenominationController.addDenomination1(com.training.BankingSystem.helper.RequestDenm)
2018-05-25 12:07:39.224  INFO 6132 --- [main] s.w.s.m.m.a.RequestMappingHandlerMapping : Mapped "{[/showtransaction],methods=[GET]}" onto public org.springframework.http.ResponseEntity<?> com.training.BankingSystem.controller.TransactionController.showTransaction()
2018-05-25 12:07:39.227  INFO 6132 --- [main] s.w.s.m.m.a.RequestMappingHandlerMapping : Mapped "{[/error]}" onto public org.springframework.http.ResponseEntity<java.util.Map<java.lang.String, java.lang.Object>> org.springframework.boot.autoconfigure.web.servlet.error.BasicErrorController.error(javax.servlet.http.HttpServletRequest)
2018-05-25 12:07:39.229  INFO 6132 --- [main] s.w.s.m.m.a.RequestMappingHandlerMapping : Mapped "{[/error],produces=[text/html]}" onto public org.springframework.web.servlet.ModelAndView org.springframework.boot.autoconfigure.web.servlet.error.BasicErrorController.errorHtml(javax.servlet.http.HttpServletRequest,javax.servlet.http.HttpServletResponse)
2018-05-25 12:07:39.274  INFO 6132 --- [main] o.s.w.s.handler.SimpleUrlHandlerMapping  : Mapped URL path [/webjars/**] onto handler of type [class org.springframework.web.servlet.resource.ResourceHttpRequestHandler]
2018-05-25 12:07:39.275  INFO 6132 --- [main] o.s.w.s.handler.SimpleUrlHandlerMapping  : Mapped URL path [/**] onto handler of type [class org.springframework.web.servlet.resource.ResourceHttpRequestHandler]
2018-05-25 12:07:39.770  INFO 6132 --- [main] o.s.j.e.a.AnnotationMBeanExporter        : Registering beans for JMX exposure on startup
2018-05-25 12:07:39.773  INFO 6132 --- [main] o.s.j.e.a.AnnotationMBeanExporter        : Bean with name 'dataSource' has been autodetected for JMX exposure
2018-05-25 12:07:39.783  INFO 6132 --- [main] o.s.j.e.a.AnnotationMBeanExporter        : Located MBean 'dataSource': registering with JMX server as MBean [com.zaxxer.hikari:name=dataSource,type=HikariDataSource]
2018-05-25 12:07:39.876  INFO 6132 --- [main] o.s.b.w.embedded.tomcat.TomcatWebServer  : Tomcat started on port(s): 8082 (http) with context path ''
2018-05-25 12:07:39.880  INFO 6132 --- [main] c.t.B.BankingSystemApplication           : Started BankingSystemApplication in 11.465 seconds (JVM running for 12.086)
2018-05-25 12:34:10.551  INFO 4040 --- [main] c.t.B.BankingSystemApplication           : Starting BankingSystemApplication on MININT-VU4T12V with PID 4040 (started by trainee in D:\sts project\BankingSystem)
2018-05-25 12:34:10.555  INFO 4040 --- [main] c.t.B.BankingSystemApplication           : No active profile set, falling back to default profiles: default
2018-05-25 12:34:10.651  INFO 4040 --- [main] ConfigServletWebServerApplicationContext : Refreshing org.springframework.boot.web.servlet.context.AnnotationConfigServletWebServerApplicationContext@7ee955a8: startup date [Fri May 25 12:34:10 IST 2018]; root of context hierarchy
2018-05-25 12:34:12.763  INFO 4040 --- [main] trationDelegate$BeanPostProcessorChecker : Bean 'org.springframework.transaction.annotation.ProxyTransactionManagementConfiguration' of type [org.springframework.transaction.annotation.ProxyTransactionManagementConfiguration$$EnhancerBySpringCGLIB$$8d6b503d] is not eligible for getting processed by all BeanPostProcessors (for example: not eligible for auto-proxying)
2018-05-25 12:34:13.427  INFO 4040 --- [main] o.s.b.w.embedded.tomcat.TomcatWebServer  : Tomcat initialized with port(s): 8082 (http)
2018-05-25 12:34:13.478  INFO 4040 --- [main] o.apache.catalina.core.StandardService   : Starting service [Tomcat]
2018-05-25 12:34:13.478  INFO 4040 --- [main] org.apache.catalina.core.StandardEngine  : Starting Servlet Engine: Apache Tomcat/8.5.31
2018-05-25 12:34:13.495  INFO 4040 --- [localhost-startStop-1] o.a.catalina.core.AprLifecycleListener   : The APR based Apache Tomcat Native library which allows optimal performance in production environments was not found on the java.library.path: [C:\Program Files\Java\jre1.8.0_161\bin;C:\WINDOWS\Sun\Java\bin;C:\WINDOWS\system32;C:\WINDOWS;C:/Program Files/Java/jre1.8.0_161/bin/server;C:/Program Files/Java/jre1.8.0_161/bin;C:/Program Files/Java/jre1.8.0_161/lib/amd64;C:\ProgramData\Oracle\Java\javapath;C:\WINDOWS\system32;C:\WINDOWS;C:\WINDOWS\System32\Wbem;C:\WINDOWS\System32\WindowsPowerShell\v1.0\;C:\Program Files (x86)\QuickTime\QTSystem\;C:\Program Files\CapgeminiScripts\Support Tools\;C:\WINDOWS\System32\WindowsPowerShell\v1.0\;C:\nodejs;C:\Program Files\Git\cmd;D:\sts-bundle\sts-3.9.3.RELEASE;;.]
2018-05-25 12:34:13.729  INFO 4040 --- [localhost-startStop-1] o.a.c.c.C.[Tomcat].[localhost].[/]       : Initializing Spring embedded WebApplicationContext
2018-05-25 12:34:13.730  INFO 4040 --- [localhost-startStop-1] o.s.web.context.ContextLoader            : Root WebApplicationContext: initialization completed in 3079 ms
2018-05-25 12:34:13.963  INFO 4040 --- [localhost-startStop-1] o.s.b.w.servlet.ServletRegistrationBean  : Servlet dispatcherServlet mapped to [/]
2018-05-25 12:34:13.970  INFO 4040 --- [localhost-startStop-1] o.s.b.w.servlet.FilterRegistrationBean   : Mapping filter: 'characterEncodingFilter' to: [/*]
2018-05-25 12:34:13.971  INFO 4040 --- [localhost-startStop-1] o.s.b.w.servlet.FilterRegistrationBean   : Mapping filter: 'hiddenHttpMethodFilter' to: [/*]
2018-05-25 12:34:13.972  INFO 4040 --- [localhost-startStop-1] o.s.b.w.servlet.FilterRegistrationBean   : Mapping filter: 'httpPutFormContentFilter' to: [/*]
2018-05-25 12:34:13.972  INFO 4040 --- [localhost-startStop-1] o.s.b.w.servlet.FilterRegistrationBean   : Mapping filter: 'requestContextFilter' to: [/*]
2018-05-25 12:34:14.216  INFO 4040 --- [main] com.zaxxer.hikari.HikariDataSource       : HikariPool-1 - Starting...
2018-05-25 12:34:15.032  INFO 4040 --- [main] com.zaxxer.hikari.HikariDataSource       : HikariPool-1 - Start completed.
2018-05-25 12:34:15.103  INFO 4040 --- [main] j.LocalContainerEntityManagerFactoryBean : Building JPA container EntityManagerFactory for persistence unit 'default'
2018-05-25 12:34:15.131  INFO 4040 --- [main] o.hibernate.jpa.internal.util.LogHelper  : HHH000204: Processing PersistenceUnitInfo [
	name: default
	...]
2018-05-25 12:34:15.345  INFO 4040 --- [main] org.hibernate.Version                    : HHH000412: Hibernate Core {5.2.17.Final}
2018-05-25 12:34:15.347  INFO 4040 --- [main] org.hibernate.cfg.Environment            : HHH000206: hibernate.properties not found
2018-05-25 12:34:15.426  INFO 4040 --- [main] o.hibernate.annotations.common.Version   : HCANN000001: Hibernate Commons Annotations {5.0.1.Final}
2018-05-25 12:34:15.601  INFO 4040 --- [main] org.hibernate.dialect.Dialect            : HHH000400: Using dialect: org.hibernate.dialect.MySQL5Dialect
2018-05-25 12:34:18.652  INFO 4040 --- [main] j.LocalContainerEntityManagerFactoryBean : Initialized JPA EntityManagerFactory for persistence unit 'default'
2018-05-25 12:34:19.514  INFO 4040 --- [main] o.s.w.s.handler.SimpleUrlHandlerMapping  : Mapped URL path [/**/favicon.ico] onto handler of type [class org.springframework.web.servlet.resource.ResourceHttpRequestHandler]
2018-05-25 12:34:19.970  INFO 4040 --- [main] s.w.s.m.m.a.RequestMappingHandlerAdapter : Looking for @ControllerAdvice: org.springframework.boot.web.servlet.context.AnnotationConfigServletWebServerApplicationContext@7ee955a8: startup date [Fri May 25 12:34:10 IST 2018]; root of context hierarchy
2018-05-25 12:34:20.043  WARN 4040 --- [main] aWebConfiguration$JpaWebMvcConfiguration : spring.jpa.open-in-view is enabled by default. Therefore, database queries may be performed during view rendering. Explicitly configure spring.jpa.open-in-view to disable this warning
2018-05-25 12:34:20.098  INFO 4040 --- [main] s.w.s.m.m.a.RequestMappingHandlerMapping : Mapped "{[/withdrawammount/{withdraw}/{accountId}/{select}/{atmID}/{customerId}],methods=[GET]}" onto public org.springframework.http.ResponseEntity<?> com.training.BankingSystem.controller.AccountController.withdrawFromBank(java.math.BigDecimal,java.lang.Integer,java.lang.String,java.lang.Integer,java.lang.Integer)
2018-05-25 12:34:20.099  INFO 4040 --- [main] s.w.s.m.m.a.RequestMappingHandlerMapping : Mapped "{[/viewaccount/{accountId}],methods=[GET]}" onto public org.springframework.http.ResponseEntity<?> com.training.BankingSystem.controller.AccountController.viewAccount(java.lang.Integer)
2018-05-25 12:34:20.100  INFO 4040 --- [main] s.w.s.m.m.a.RequestMappingHandlerMapping : Mapped "{[/addaccount],methods=[POST]}" onto public org.springframework.http.ResponseEntity<?> com.training.BankingSystem.controller.AccountController.addAccount(com.training.BankingSystem.model.Account)
2018-05-25 12:34:20.101  INFO 4040 --- [main] s.w.s.m.m.a.RequestMappingHandlerMapping : Mapped "{[/depositammount/{deposit}/{accountId}],methods=[GET]}" onto public org.springframework.http.ResponseEntity<?> com.training.BankingSystem.controller.AccountController.depositFromBank(java.math.BigDecimal,java.lang.Integer)
2018-05-25 12:34:20.109  INFO 4040 --- [main] s.w.s.m.m.a.RequestMappingHandlerMapping : Mapped "{[/atm/{Deposit}/{atmId}],methods=[GET]}" onto public org.springframework.http.ResponseEntity<?> com.training.BankingSystem.controller.AtmController.depositFromBank(java.math.BigDecimal,java.lang.Integer)
2018-05-25 12:34:20.110  INFO 4040 --- [main] s.w.s.m.m.a.RequestMappingHandlerMapping : Mapped "{[/atm],methods=[POST]}" onto public org.springframework.http.ResponseEntity<?> com.training.BankingSystem.controller.AtmController.addAtm(com.training.BankingSystem.model.ATM)
2018-05-25 12:34:20.112  INFO 4040 --- [main] s.w.s.m.m.a.RequestMappingHandlerMapping : Mapped "{[/bank],methods=[POST]}" onto public org.springframework.http.ResponseEntity<?> com.training.BankingSystem.controller.BankController.addbank(com.training.BankingSystem.model.Bank)
2018-05-25 12:34:20.112  INFO 4040 --- [main] s.w.s.m.m.a.RequestMappingHandlerMapping : Mapped "{[/bank/{bankId}],methods=[GET]}" onto public org.springframework.http.ResponseEntity<?> com.training.BankingSystem.controller.BankController.viewbank(java.lang.Integer)
2018-05-25 12:34:20.117  INFO 4040 --- [main] s.w.s.m.m.a.RequestMappingHandlerMapping : Mapped "{[/customer],methods=[POST]}" onto public org.springframework.http.ResponseEntity<?> com.training.BankingSystem.controller.CustomerController.addCustomer(com.training.BankingSystem.model.Customer)
2018-05-25 12:34:20.117  INFO 4040 --- [main] s.w.s.m.m.a.RequestMappingHandlerMapping : Mapped "{[/customer/{customerId}],methods=[GET]}" onto public org.springframework.http.ResponseEntity<?> com.training.BankingSystem.controller.CustomerController.viewCustomer(java.lang.Integer)
2018-05-25 12:34:20.118  INFO 4040 --- [main] s.w.s.m.m.a.RequestMappingHandlerMapping : Mapped "{[/customer/{customerId}/{customerName}],methods=[PUT]}" onto public org.springframework.http.ResponseEntity<?> com.training.BankingSystem.controller.CustomerController.updateCustomer(java.lang.Integer,java.lang.String)
2018-05-25 12:34:20.119  INFO 4040 --- [main] s.w.s.m.m.a.RequestMappingHandlerMapping : Mapped "{[/denomination],methods=[POST]}" onto public org.springframework.http.ResponseEntity<?> com.training.BankingSystem.controller.DenominationController.addDenomination1(com.training.BankingSystem.helper.RequestDenm)
2018-05-25 12:34:20.120  INFO 4040 --- [main] s.w.s.m.m.a.RequestMappingHandlerMapping : Mapped "{[/showtransaction],methods=[GET]}" onto public org.springframework.http.ResponseEntity<?> com.training.BankingSystem.controller.TransactionController.showTransaction()
2018-05-25 12:34:20.125  INFO 4040 --- [main] s.w.s.m.m.a.RequestMappingHandlerMapping : Mapped "{[/error]}" onto public org.springframework.http.ResponseEntity<java.util.Map<java.lang.String, java.lang.Object>> org.springframework.boot.autoconfigure.web.servlet.error.BasicErrorController.error(javax.servlet.http.HttpServletRequest)
2018-05-25 12:34:20.126  INFO 4040 --- [main] s.w.s.m.m.a.RequestMappingHandlerMapping : Mapped "{[/error],produces=[text/html]}" onto public org.springframework.web.servlet.ModelAndView org.springframework.boot.autoconfigure.web.servlet.error.BasicErrorController.errorHtml(javax.servlet.http.HttpServletRequest,javax.servlet.http.HttpServletResponse)
2018-05-25 12:34:20.172  INFO 4040 --- [main] o.s.w.s.handler.SimpleUrlHandlerMapping  : Mapped URL path [/webjars/**] onto handler of type [class org.springframework.web.servlet.resource.ResourceHttpRequestHandler]
2018-05-25 12:34:20.173  INFO 4040 --- [main] o.s.w.s.handler.SimpleUrlHandlerMapping  : Mapped URL path [/**] onto handler of type [class org.springframework.web.servlet.resource.ResourceHttpRequestHandler]
2018-05-25 12:34:20.762  INFO 4040 --- [main] o.s.j.e.a.AnnotationMBeanExporter        : Registering beans for JMX exposure on startup
2018-05-25 12:34:20.764  INFO 4040 --- [main] o.s.j.e.a.AnnotationMBeanExporter        : Bean with name 'dataSource' has been autodetected for JMX exposure
2018-05-25 12:34:20.775  INFO 4040 --- [main] o.s.j.e.a.AnnotationMBeanExporter        : Located MBean 'dataSource': registering with JMX server as MBean [com.zaxxer.hikari:name=dataSource,type=HikariDataSource]
2018-05-25 12:34:20.821  INFO 4040 --- [main] o.s.b.w.embedded.tomcat.TomcatWebServer  : Tomcat started on port(s): 8082 (http) with context path ''
2018-05-25 12:34:20.826  INFO 4040 --- [main] c.t.B.BankingSystemApplication           : Started BankingSystemApplication in 10.803 seconds (JVM running for 11.439)
2018-05-25 12:34:44.581  INFO 4040 --- [http-nio-8082-exec-1] o.a.c.c.C.[Tomcat].[localhost].[/]       : Initializing Spring FrameworkServlet 'dispatcherServlet'
2018-05-25 12:34:44.582  INFO 4040 --- [http-nio-8082-exec-1] o.s.web.servlet.DispatcherServlet        : FrameworkServlet 'dispatcherServlet': initialization started
2018-05-25 12:34:44.622  INFO 4040 --- [http-nio-8082-exec-1] o.s.web.servlet.DispatcherServlet        : FrameworkServlet 'dispatcherServlet': initialization completed in 40 ms
2018-05-25 12:34:44.784  INFO 4040 --- [http-nio-8082-exec-1] c.t.B.services.BankServiceImpl           : customer Created
